SF:lib/domain/usecases/get_movie_detail.dart
DA:9,1
DA:11,1
DA:12,2
LF:3
LH:3
end_of_record
SF:lib/domain/usecases/get_movie_recommendations.dart
DA:9,1
DA:11,1
DA:12,2
LF:3
LH:3
end_of_record
SF:lib/domain/usecases/get_now_playing_movies.dart
DA:9,1
DA:11,1
DA:12,2
LF:3
LH:3
end_of_record
SF:lib/domain/usecases/get_popular_movies.dart
DA:9,1
DA:11,1
DA:12,2
LF:3
LH:3
end_of_record
SF:lib/domain/usecases/get_top_rated_movies.dart
DA:9,1
DA:11,1
DA:12,2
LF:3
LH:3
end_of_record
SF:lib/presentation/bloc/detail/movie_detail_state.dart
DA:4,4
DA:6,1
DA:7,1
DA:17,3
DA:19,1
DA:20,2
DA:26,2
DA:28,1
DA:29,2
LF:9
LH:9
end_of_record
SF:lib/presentation/bloc/detail/movie_detail_event.dart
DA:4,2
DA:6,0
DA:7,0
DA:13,2
DA:15,1
DA:16,2
LF:6
LH:4
end_of_record
SF:lib/presentation/bloc/detail/movie_detail_bloc.dart
DA:12,3
DA:13,2
DA:14,1
DA:16,2
DA:18,3
DA:20,2
DA:21,3
DA:22,1
DA:23,2
LF:9
LH:9
end_of_record
SF:lib/presentation/bloc/now_playing/movie_now_playing_state.dart
DA:4,4
DA:6,1
DA:7,1
DA:17,3
DA:19,1
DA:20,2
DA:26,2
DA:28,1
DA:29,2
LF:9
LH:9
end_of_record
SF:lib/presentation/bloc/now_playing/movie_now_playing_event.dart
DA:4,15
DA:6,0
DA:7,0
DA:11,15
DA:13,1
DA:14,1
LF:6
LH:4
end_of_record
SF:lib/presentation/bloc/now_playing/movie_now_playing_bloc.dart
DA:13,1
DA:14,2
DA:15,2
DA:16,2
DA:18,3
DA:20,2
DA:21,3
DA:22,1
DA:23,1
DA:24,2
DA:25,2
LF:11
LH:11
end_of_record
SF:lib/presentation/bloc/popular/movie_popular_state.dart
DA:4,6
DA:6,1
DA:7,1
DA:17,4
DA:19,1
DA:20,2
DA:26,3
DA:28,1
DA:29,2
LF:9
LH:9
end_of_record
SF:lib/presentation/bloc/popular/movie_popular_event.dart
DA:4,29
DA:6,0
DA:7,0
DA:11,29
DA:13,1
DA:14,1
LF:6
LH:4
end_of_record
SF:lib/presentation/bloc/popular/movie_popular_bloc.dart
DA:12,3
DA:13,2
DA:14,2
DA:16,3
DA:18,2
DA:19,3
DA:20,1
DA:21,1
DA:22,2
DA:23,2
LF:10
LH:10
end_of_record
SF:lib/presentation/bloc/recommendation/movie_recommendation_state.dart
DA:4,4
DA:6,1
DA:7,1
DA:17,3
DA:19,1
DA:20,2
DA:26,2
DA:28,1
DA:29,2
LF:9
LH:9
end_of_record
SF:lib/presentation/bloc/recommendation/movie_recommendation_bloc.dart
DA:13,1
DA:14,2
DA:15,2
DA:16,1
DA:18,2
DA:20,3
DA:22,2
DA:23,3
DA:24,1
DA:25,1
DA:26,2
DA:27,2
LF:12
LH:12
end_of_record
SF:lib/presentation/bloc/recommendation/movie_recommendation_event.dart
DA:4,2
DA:6,0
DA:7,0
DA:13,2
DA:15,1
DA:16,2
LF:6
LH:4
end_of_record
SF:lib/presentation/bloc/top_rated/movie_top_rated_state.dart
DA:4,6
DA:6,1
DA:7,1
DA:17,4
DA:19,1
DA:20,2
DA:26,3
DA:28,1
DA:29,2
LF:9
LH:9
end_of_record
SF:lib/presentation/bloc/top_rated/movie_top_rated_event.dart
DA:4,29
DA:6,0
DA:7,0
DA:11,29
DA:13,1
DA:14,1
LF:6
LH:4
end_of_record
SF:lib/presentation/bloc/top_rated/movie_top_rated_bloc.dart
DA:12,3
DA:13,2
DA:14,2
DA:16,3
DA:18,2
DA:19,3
DA:20,1
DA:21,1
DA:22,2
DA:23,2
LF:10
LH:10
end_of_record
SF:lib/presentation/pages/movie_detail_page.dart
DA:14,3
DA:16,1
DA:17,1
DA:21,1
DA:23,1
DA:24,2
DA:25,6
DA:26,1
DA:27,1
DA:28,4
DA:29,1
DA:30,1
DA:31,4
DA:35,1
DA:37,2
DA:38,2
DA:39,2
DA:41,1
DA:42,1
DA:44,1
DA:45,1
DA:49,1
DA:50,1
DA:51,1
DA:52,1
DA:57,1
DA:58,1
DA:59,1
DA:81,1
DA:85,1
DA:87,1
DA:88,1
DA:92,1
DA:94,3
DA:95,1
DA:96,1
DA:97,1
DA:98,4
DA:100,1
DA:103,0
DA:105,1
DA:107,1
DA:108,1
DA:109,1
DA:119,1
DA:120,1
DA:121,1
DA:123,1
DA:125,1
DA:127,1
DA:128,1
DA:129,3
DA:130,1
DA:132,2
DA:133,1
DA:134,2
DA:135,1
DA:136,1
DA:137,2
DA:141,0
DA:145,1
DA:146,1
DA:147,2
DA:148,2
DA:149,3
DA:152,1
DA:153,4
DA:156,1
DA:157,1
DA:158,2
DA:159,2
DA:161,0
DA:163,0
DA:164,0
DA:165,0
DA:170,2
DA:171,2
DA:172,2
DA:175,1
DA:177,1
DA:178,2
DA:186,1
DA:187,4
DA:189,1
DA:190,4
DA:192,1
DA:193,1
DA:194,1
DA:195,4
DA:197,1
DA:203,5
DA:207,1
DA:209,1
DA:211,1
DA:212,3
DA:215,1
DA:217,1
DA:219,1
DA:222,1
DA:223,1
DA:227,1
DA:228,1
DA:229,1
DA:233,1
DA:234,1
DA:236,1
DA:238,1
DA:239,2
DA:240,1
DA:244,2
DA:248,1
DA:258,1
DA:260,1
DA:275,1
DA:277,1
DA:280,1
DA:282,1
DA:283,1
DA:292,1
DA:294,2
DA:295,3
DA:298,1
DA:302,3
DA:305,1
DA:306,1
DA:307,1
DA:309,1
DA:310,1
DA:312,0
LF:129
LH:122
end_of_record
SF:lib/presentation/pages/movie_page.dart
DA:8,1
DA:10,1
DA:11,1
DA:15,1
DA:17,1
DA:18,2
DA:19,3
DA:20,3
DA:21,3
DA:25,1
DA:27,1
DA:29,1
DA:31,1
DA:33,1
DA:34,1
DA:36,1
DA:38,1
DA:39,1
DA:40,1
DA:44,1
DA:45,1
DA:46,1
DA:49,1
DA:63,1
DA:65,2
DA:68,1
DA:69,1
DA:70,1
DA:74,1
DA:75,1
DA:76,1
DA:79,1
DA:93,1
DA:95,2
DA:98,1
DA:99,1
DA:100,1
DA:104,1
DA:105,1
DA:106,1
DA:109,1
LF:41
LH:41
end_of_record
SF:lib/presentation/pages/popular_movies_page.dart
DA:6,1
DA:8,1
DA:9,1
DA:13,1
DA:15,1
DA:16,2
DA:17,3
DA:20,1
DA:22,1
DA:23,1
DA:26,1
DA:28,1
DA:30,1
DA:31,1
DA:35,1
DA:36,1
DA:37,1
DA:38,2
DA:39,1
DA:41,2
DA:44,2
DA:46,1
DA:47,1
DA:48,2
LF:24
LH:24
end_of_record
SF:lib/presentation/pages/top_rated_movies_page.dart
DA:6,1
DA:8,1
DA:9,1
DA:13,1
DA:15,1
DA:16,2
DA:17,3
DA:20,1
DA:22,1
DA:23,1
DA:26,1
DA:28,1
DA:30,1
DA:31,1
DA:35,1
DA:36,1
DA:37,1
DA:38,2
DA:39,1
DA:41,2
DA:44,2
DA:46,1
DA:47,1
DA:48,2
LF:24
LH:24
end_of_record
SF:lib/presentation/widgets/movie_card_recommendation_list.dart
DA:7,1
DA:11,1
DA:16,1
DA:18,1
DA:20,1
DA:21,3
DA:22,1
DA:23,1
DA:26,2
DA:29,1
DA:33,1
DA:34,3
DA:35,1
DA:38,0
LF:14
LH:13
end_of_record
SF:lib/presentation/widgets/movie_card_list.dart
DA:9,4
DA:11,2
DA:13,2
DA:15,2
DA:16,2
DA:17,2
DA:20,4
DA:23,2
DA:25,2
DA:26,2
DA:27,2
DA:33,2
DA:35,2
DA:36,2
DA:37,4
DA:40,2
DA:43,2
DA:44,4
DA:52,2
DA:57,2
DA:58,2
DA:59,6
DA:61,2
DA:64,0
LF:24
LH:23
end_of_record
SF:lib/presentation/widgets/movie_list.dart
DA:10,1
DA:14,1
DA:16,1
DA:18,1
DA:20,1
DA:22,1
DA:23,2
DA:24,1
DA:26,1
DA:27,1
DA:28,3
DA:29,1
DA:30,1
DA:33,1
DA:36,1
DA:38,1
DA:39,2
DA:40,1
DA:43,0
DA:50,2
LF:20
LH:19
end_of_record
