SF:lib/domain/usecases/get_watchlist_movies.dart
DA:9,0
DA:11,0
DA:12,0
LF:3
LH:0
end_of_record
SF:lib/domain/usecases/get_watchlist_status.dart
DA:6,0
DA:8,0
DA:9,0
LF:3
LH:0
end_of_record
SF:lib/domain/usecases/get_watchlist_tv_show.dart
DA:9,0
DA:11,0
DA:12,0
LF:3
LH:0
end_of_record
SF:lib/domain/usecases/remove_watchlist.dart
DA:9,0
DA:11,0
DA:12,0
LF:3
LH:0
end_of_record
SF:lib/domain/usecases/remove_watchlist_tv_show.dart
DA:9,0
DA:11,0
DA:12,0
LF:3
LH:0
end_of_record
SF:lib/domain/usecases/save_watchlist.dart
DA:9,0
DA:11,0
DA:12,0
LF:3
LH:0
end_of_record
SF:lib/domain/usecases/save_watchlist_tv_show.dart
DA:9,0
DA:11,0
DA:12,0
LF:3
LH:0
end_of_record
SF:lib/presentation/bloc/watchlist_movie_state.dart
DA:4,2
DA:6,1
DA:7,1
DA:17,2
DA:19,1
DA:20,2
DA:26,1
DA:28,1
DA:29,2
DA:35,2
DA:37,1
DA:38,2
DA:44,2
DA:46,1
DA:47,2
LF:15
LH:15
end_of_record
SF:lib/presentation/bloc/watchlist_movie_event.dart
DA:4,1
DA:6,1
DA:7,1
DA:15,1
DA:17,1
DA:18,2
DA:24,1
DA:26,1
DA:27,2
DA:33,1
DA:35,1
DA:36,2
LF:12
LH:12
end_of_record
SF:lib/presentation/bloc/watchlist_movie_bloc.dart
DA:19,1
DA:24,2
DA:25,2
DA:26,2
DA:27,2
DA:28,2
DA:31,1
DA:35,2
DA:37,3
DA:39,2
DA:40,3
DA:41,1
DA:42,1
DA:43,2
DA:44,2
DA:48,1
DA:52,1
DA:54,3
DA:56,2
DA:59,1
DA:63,1
DA:65,3
DA:67,2
DA:68,3
DA:69,1
DA:70,2
DA:74,1
DA:78,1
DA:80,3
DA:82,2
DA:83,3
DA:84,1
DA:85,2
LF:33
LH:33
end_of_record
SF:lib/presentation/bloc/watchlist_tv_show_state.dart
DA:4,0
DA:6,0
DA:7,0
DA:17,0
DA:19,0
DA:20,0
DA:26,0
DA:28,0
DA:29,0
DA:35,0
DA:37,0
DA:38,0
DA:44,0
DA:46,0
DA:47,0
LF:15
LH:0
end_of_record
SF:lib/presentation/bloc/watchlist_tv_show_event.dart
DA:4,0
DA:6,0
DA:7,0
DA:15,0
DA:17,0
DA:18,0
DA:24,0
DA:26,0
DA:27,0
DA:33,0
DA:35,0
DA:36,0
LF:12
LH:0
end_of_record
SF:lib/presentation/bloc/watchlist_tv_show_bloc.dart
DA:19,0
DA:24,0
DA:25,0
DA:26,0
DA:27,0
DA:28,0
DA:31,0
DA:35,0
DA:37,0
DA:39,0
DA:40,0
DA:41,0
DA:42,0
DA:43,0
DA:44,0
DA:48,0
DA:52,0
DA:54,0
DA:56,0
DA:59,0
DA:63,0
DA:65,0
DA:67,0
DA:68,0
DA:69,0
DA:70,0
DA:74,0
DA:78,0
DA:80,0
DA:82,0
DA:83,0
DA:84,0
DA:85,0
LF:33
LH:0
end_of_record
SF:lib/presentation/pages/watchlist_movies_page.dart
DA:9,0
DA:11,0
DA:12,0
DA:19,0
DA:21,0
DA:22,0
DA:23,0
DA:24,0
DA:25,0
DA:29,0
DA:31,0
DA:32,0
DA:35,0
DA:37,0
DA:38,0
DA:41,0
DA:43,0
DA:44,0
DA:46,0
DA:47,0
DA:60,0
DA:61,0
DA:62,0
DA:63,0
DA:64,0
DA:70,0
DA:71,0
DA:73,0
DA:74,0
DA:75,0
DA:79,0
DA:80,0
DA:81,0
DA:82,0
DA:83,0
DA:85,0
DA:87,0
DA:88,0
DA:90,0
DA:102,0
DA:103,0
DA:105,0
DA:106,0
DA:107,0
DA:111,0
DA:112,0
DA:113,0
DA:114,0
DA:115,0
DA:117,0
DA:119,0
DA:120,0
DA:122,0
DA:134,0
DA:136,0
DA:137,0
LF:56
LH:0
end_of_record
