SF:lib/domain/usecases/get_watchlist_movies.dart
DA:9,1
DA:11,1
DA:12,2
LF:3
LH:3
end_of_record
SF:lib/domain/usecases/get_watchlist_status.dart
DA:6,1
DA:8,1
DA:9,2
LF:3
LH:3
end_of_record
SF:lib/domain/usecases/get_watchlist_tv_show.dart
DA:9,1
DA:11,1
DA:12,2
LF:3
LH:3
end_of_record
SF:lib/domain/usecases/remove_watchlist.dart
DA:9,1
DA:11,1
DA:12,2
LF:3
LH:3
end_of_record
SF:lib/domain/usecases/remove_watchlist_tv_show.dart
DA:9,1
DA:11,1
DA:12,2
LF:3
LH:3
end_of_record
SF:lib/domain/usecases/save_watchlist.dart
DA:9,1
DA:11,1
DA:12,2
LF:3
LH:3
end_of_record
SF:lib/domain/usecases/save_watchlist_tv_show.dart
DA:9,1
DA:11,1
DA:12,2
LF:3
LH:3
end_of_record
SF:lib/presentation/bloc/watchlist_movie_state.dart
DA:4,4
DA:6,1
DA:7,1
DA:17,3
DA:19,1
DA:20,2
DA:26,2
DA:28,1
DA:29,2
DA:35,2
DA:37,1
DA:38,2
DA:44,2
DA:46,1
DA:47,2
LF:15
LH:15
end_of_record
SF:lib/presentation/bloc/watchlist_movie_event.dart
DA:4,2
DA:6,1
DA:7,1
DA:15,1
DA:17,1
DA:18,2
DA:24,1
DA:26,1
DA:27,2
DA:33,1
DA:35,1
DA:36,2
LF:12
LH:12
end_of_record
SF:lib/presentation/bloc/watchlist_movie_bloc.dart
DA:19,1
DA:24,2
DA:25,2
DA:26,2
DA:27,2
DA:28,2
DA:31,1
DA:35,2
DA:37,3
DA:39,2
DA:40,3
DA:41,1
DA:42,1
DA:43,2
DA:44,2
DA:48,1
DA:52,1
DA:54,3
DA:56,2
DA:59,1
DA:63,1
DA:65,3
DA:67,2
DA:68,3
DA:69,1
DA:70,2
DA:74,1
DA:78,1
DA:80,3
DA:82,2
DA:83,3
DA:84,1
DA:85,2
LF:33
LH:33
end_of_record
SF:lib/presentation/bloc/watchlist_tv_show_state.dart
DA:4,4
DA:6,1
DA:7,1
DA:17,3
DA:19,1
DA:20,2
DA:26,2
DA:28,1
DA:29,2
DA:35,2
DA:37,1
DA:38,2
DA:44,2
DA:46,1
DA:47,2
LF:15
LH:15
end_of_record
SF:lib/presentation/bloc/watchlist_tv_show_event.dart
DA:4,2
DA:6,1
DA:7,1
DA:15,1
DA:17,1
DA:18,2
DA:24,1
DA:26,1
DA:27,2
DA:33,1
DA:35,1
DA:36,2
LF:12
LH:12
end_of_record
SF:lib/presentation/bloc/watchlist_tv_show_bloc.dart
DA:19,1
DA:24,2
DA:25,2
DA:26,2
DA:27,2
DA:28,2
DA:31,1
DA:35,2
DA:37,3
DA:39,2
DA:40,3
DA:41,1
DA:42,1
DA:43,2
DA:44,2
DA:48,1
DA:52,1
DA:54,3
DA:56,2
DA:59,1
DA:63,1
DA:65,3
DA:67,2
DA:68,3
DA:69,1
DA:70,2
DA:74,1
DA:78,1
DA:80,3
DA:82,2
DA:83,3
DA:84,1
DA:85,2
LF:33
LH:33
end_of_record
SF:lib/presentation/pages/watchlist_movies_page.dart
DA:9,1
DA:11,1
DA:12,1
DA:19,1
DA:21,1
DA:22,2
DA:23,2
DA:24,4
DA:25,4
DA:29,1
DA:31,1
DA:32,4
DA:35,0
DA:37,0
DA:38,0
DA:41,1
DA:43,1
DA:44,1
DA:46,1
DA:47,1
DA:50,1
DA:51,1
DA:66,1
DA:68,1
DA:69,1
DA:70,1
DA:71,1
DA:79,1
DA:80,1
DA:82,1
DA:83,1
DA:84,1
DA:88,1
DA:89,1
DA:90,1
DA:91,2
DA:92,1
DA:94,2
DA:97,2
DA:99,1
DA:100,1
DA:102,2
DA:105,1
DA:114,1
DA:115,1
DA:117,1
DA:118,1
DA:119,1
DA:123,1
DA:124,1
DA:125,1
DA:126,2
DA:127,1
DA:129,2
DA:132,2
DA:134,1
DA:135,1
DA:137,2
DA:140,1
DA:149,1
DA:151,2
DA:152,1
LF:62
LH:59
end_of_record
