SF:lib/domain/usecases/get_on_air_tv_show.dart
DA:9,1
DA:11,1
DA:12,2
LF:3
LH:3
end_of_record
SF:lib/domain/usecases/get_popular_tv_show.dart
DA:9,1
DA:11,1
DA:12,2
LF:3
LH:3
end_of_record
SF:lib/domain/usecases/get_top_rated_tv_show.dart
DA:9,1
DA:11,1
DA:12,2
LF:3
LH:3
end_of_record
SF:lib/domain/usecases/get_tv_show_detail.dart
DA:9,1
DA:11,1
DA:12,2
LF:3
LH:3
end_of_record
SF:lib/domain/usecases/get_tv_show_recommendations.dart
DA:9,1
DA:11,1
DA:12,2
LF:3
LH:3
end_of_record
SF:lib/presentation/bloc/detail/tv_show_detail_state.dart
DA:4,4
DA:6,1
DA:7,1
DA:17,3
DA:19,1
DA:20,2
DA:26,2
DA:28,1
DA:29,2
LF:9
LH:9
end_of_record
SF:lib/presentation/bloc/detail/tv_show_detail_bloc.dart
DA:12,3
DA:13,2
DA:14,1
DA:16,2
DA:18,3
DA:20,2
DA:21,3
DA:22,1
DA:23,2
LF:9
LH:9
end_of_record
SF:lib/presentation/bloc/detail/tv_show_detail_event.dart
DA:4,2
DA:6,0
DA:7,0
DA:13,2
DA:15,1
DA:16,2
LF:6
LH:4
end_of_record
SF:lib/presentation/bloc/on_the_air/tv_show_on_air_event.dart
DA:4,15
DA:6,0
DA:7,0
DA:11,15
DA:13,1
DA:14,1
LF:6
LH:4
end_of_record
SF:lib/presentation/bloc/on_the_air/tv_show_on_air_state.dart
DA:4,4
DA:6,1
DA:7,1
DA:17,3
DA:19,1
DA:20,2
DA:26,2
DA:28,1
DA:29,2
LF:9
LH:9
end_of_record
SF:lib/presentation/bloc/on_the_air/tv_show_on_air_bloc.dart
DA:12,3
DA:13,2
DA:14,2
DA:16,3
DA:18,2
DA:19,3
DA:20,1
DA:21,1
DA:22,2
DA:23,2
LF:10
LH:10
end_of_record
SF:lib/presentation/bloc/popular/tv_show_popular_event.dart
DA:4,29
DA:6,0
DA:7,0
DA:11,29
DA:13,1
DA:14,1
LF:6
LH:4
end_of_record
SF:lib/presentation/bloc/popular/tv_show_popular_state.dart
DA:4,6
DA:6,1
DA:7,1
DA:17,4
DA:19,1
DA:20,2
DA:26,3
DA:28,1
DA:29,2
LF:9
LH:9
end_of_record
SF:lib/presentation/bloc/popular/tv_show_popular_bloc.dart
DA:12,3
DA:13,2
DA:14,2
DA:16,3
DA:18,2
DA:19,3
DA:20,1
DA:21,1
DA:22,2
DA:23,2
LF:10
LH:10
end_of_record
SF:lib/presentation/bloc/recommendation/tv_show_recommendation_state.dart
DA:4,4
DA:6,1
DA:7,1
DA:17,3
DA:19,1
DA:20,2
DA:26,3
DA:28,1
DA:29,2
LF:9
LH:9
end_of_record
SF:lib/presentation/bloc/recommendation/tv_show_recommendation_bloc.dart
DA:13,1
DA:14,2
DA:15,2
DA:16,1
DA:18,2
DA:20,3
DA:22,2
DA:23,3
DA:24,1
DA:25,2
LF:10
LH:10
end_of_record
SF:lib/presentation/bloc/recommendation/tv_show_recommendation_event.dart
DA:4,2
DA:6,0
DA:7,0
DA:13,2
DA:15,1
DA:16,2
LF:6
LH:4
end_of_record
SF:lib/presentation/bloc/top_rated/tv_show_top_rated_bloc.dart
DA:13,3
DA:14,2
DA:15,2
DA:17,3
DA:19,2
DA:20,3
DA:21,1
DA:22,1
DA:23,2
DA:24,2
LF:10
LH:10
end_of_record
SF:lib/presentation/bloc/top_rated/tv_show_top_rated_event.dart
DA:4,29
DA:6,0
DA:7,0
DA:11,29
DA:13,1
DA:14,1
LF:6
LH:4
end_of_record
SF:lib/presentation/bloc/top_rated/tv_show_top_rated_state.dart
DA:4,6
DA:6,1
DA:7,1
DA:17,4
DA:19,1
DA:20,2
DA:26,3
DA:28,1
DA:29,2
LF:9
LH:9
end_of_record
SF:lib/presentation/pages/popular_tv_shows_page.dart
DA:6,1
DA:8,1
DA:9,1
DA:13,1
DA:15,1
DA:16,2
DA:17,3
DA:20,1
DA:22,1
DA:23,1
DA:26,1
DA:28,1
DA:30,1
DA:31,1
DA:35,1
DA:36,1
DA:37,1
DA:38,2
DA:39,3
DA:41,2
DA:43,1
DA:44,1
DA:45,2
LF:23
LH:23
end_of_record
SF:lib/presentation/pages/top_rated_tv_shows_page.dart
DA:6,1
DA:8,1
DA:9,1
DA:13,1
DA:15,1
DA:16,2
DA:17,3
DA:20,1
DA:22,1
DA:23,1
DA:26,1
DA:28,1
DA:30,1
DA:31,1
DA:35,1
DA:36,1
DA:37,1
DA:38,2
DA:39,1
DA:41,2
DA:44,2
DA:46,1
DA:47,1
DA:48,2
LF:24
LH:24
end_of_record
SF:lib/presentation/pages/tv_show_detail_page.dart
DA:14,2
DA:17,1
DA:19,1
DA:20,1
DA:24,1
DA:26,1
DA:27,2
DA:28,6
DA:29,1
DA:30,1
DA:31,4
DA:32,1
DA:33,1
DA:34,4
DA:38,1
DA:40,2
DA:41,2
DA:42,2
DA:44,1
DA:45,1
DA:47,1
DA:48,1
DA:52,1
DA:53,1
DA:54,1
DA:55,1
DA:60,1
DA:61,1
DA:62,1
DA:84,1
DA:88,1
DA:90,1
DA:91,1
DA:95,1
DA:97,3
DA:98,1
DA:99,1
DA:100,1
DA:101,4
DA:103,1
DA:106,0
DA:108,1
DA:110,1
DA:111,1
DA:112,1
DA:122,1
DA:123,1
DA:124,1
DA:126,1
DA:128,1
DA:130,1
DA:131,1
DA:132,3
DA:133,1
DA:135,2
DA:136,1
DA:137,2
DA:138,1
DA:139,1
DA:140,2
DA:144,0
DA:148,1
DA:149,1
DA:150,2
DA:151,2
DA:152,1
DA:153,2
DA:155,2
DA:156,3
DA:159,1
DA:160,1
DA:161,2
DA:162,2
DA:164,0
DA:166,0
DA:167,0
DA:168,0
DA:172,2
DA:173,2
DA:174,2
DA:177,1
DA:179,1
DA:180,2
DA:188,1
DA:189,4
DA:191,1
DA:193,1
DA:194,7
DA:196,1
DA:197,1
DA:198,1
DA:199,4
DA:201,1
DA:207,5
DA:211,1
DA:213,1
DA:215,1
DA:216,3
DA:219,1
DA:221,1
DA:223,1
DA:226,1
DA:227,1
DA:231,1
DA:232,1
DA:233,1
DA:237,1
DA:238,1
DA:240,1
DA:242,1
DA:243,2
DA:244,1
DA:248,2
DA:252,1
DA:262,1
DA:264,1
DA:279,1
DA:281,1
DA:284,1
DA:286,1
DA:287,1
DA:296,1
DA:298,2
DA:299,3
DA:302,1
DA:306,3
LF:126
LH:120
end_of_record
SF:lib/presentation/pages/tv_show_page.dart
DA:8,1
DA:10,1
DA:11,1
DA:15,1
DA:17,1
DA:18,2
DA:19,3
DA:20,3
DA:21,3
DA:25,1
DA:27,1
DA:28,1
DA:30,1
DA:31,1
DA:33,1
DA:34,1
DA:35,1
DA:36,1
DA:41,1
DA:43,1
DA:45,1
DA:47,1
DA:48,1
DA:50,1
DA:52,1
DA:53,1
DA:54,1
DA:58,1
DA:59,1
DA:60,1
DA:63,1
DA:77,1
DA:79,1
DA:80,1
DA:83,1
DA:84,1
DA:85,1
DA:89,1
DA:90,1
DA:91,1
DA:94,1
DA:108,1
DA:110,1
DA:111,1
DA:114,1
DA:115,1
DA:116,1
DA:120,1
DA:121,1
DA:122,1
DA:126,1
LF:51
LH:51
end_of_record
SF:lib/presentation/widgets/tv_show_list.dart
DA:10,1
DA:11,1
DA:13,1
DA:15,1
DA:17,1
DA:19,1
DA:20,2
DA:21,1
DA:23,1
DA:24,1
DA:25,3
DA:26,1
DA:27,1
DA:30,1
DA:33,1
DA:35,1
DA:36,2
DA:37,1
DA:40,0
DA:47,2
LF:20
LH:19
end_of_record
SF:lib/presentation/widgets/tv_show_card_list.dart
DA:9,4
DA:11,2
DA:13,2
DA:15,2
DA:16,2
DA:17,2
DA:20,4
DA:23,2
DA:25,2
DA:26,2
DA:27,2
DA:33,2
DA:35,2
DA:36,2
DA:37,4
DA:40,2
DA:43,2
DA:44,4
DA:52,2
DA:57,2
DA:58,2
DA:59,6
DA:61,2
DA:64,0
LF:24
LH:23
end_of_record
SF:lib/presentation/widgets/tv_show_card_recommendation_list.dart
DA:7,1
DA:11,1
DA:16,1
DA:18,1
DA:20,1
DA:21,3
DA:22,1
DA:23,1
DA:26,2
DA:29,1
DA:33,1
DA:34,3
DA:35,1
DA:38,0
LF:14
LH:13
end_of_record
